{
  "0 debug pnpm:scope": {
    "selected": 1,
    "workspacePrefix": "D:\\mine\\smarty-ui-vite"
  },
  "1 error pnpm": {
    "errno": 1,
    "code": "ELIFECYCLE",
    "pkgid": "smarty-ui-vite@1.0.0",
    "stage": "build",
    "script": "vite build",
    "pkgname": "smarty-ui-vite",
    "err": {
      "name": "pnpm",
      "message": "smarty-ui-vite@1.0.0 build: `vite build`\nExit status 1",
      "code": "ELIFECYCLE",
      "stack": "pnpm: smarty-ui-vite@1.0.0 build: `vite build`\nExit status 1\n    at EventEmitter.<anonymous> (C:\\Users\\Edw4rd\\AppData\\Roaming\\npm\\pnpm-global\\5\\node_modules\\.pnpm\\registry.npmjs.org+pnpm@7.0.0\\node_modules\\pnpm\\dist\\pnpm.cjs:106732:20)\n    at EventEmitter.emit (node:events:390:28)\n    at ChildProcess.<anonymous> (C:\\Users\\Edw4rd\\AppData\\Roaming\\npm\\pnpm-global\\5\\node_modules\\.pnpm\\registry.npmjs.org+pnpm@7.0.0\\node_modules\\pnpm\\dist\\pnpm.cjs:93301:18)\n    at ChildProcess.emit (node:events:390:28)\n    at maybeClose (node:internal/child_process:1064:16)\n    at Process.ChildProcess._handle.onexit (node:internal/child_process:301:5)"
    }
  },
  "2 warn pnpm:global": " Local package.json exists, but node_modules missing, did you mean to install?"
}